<?xml version="1.0" encoding="UTF-8"?>
<!DOCTYPE web-app PUBLIC "-//Sun Microsystems, Inc.//DTD Web Application 2.3//EN" "http://java.sun.com/dtd/web-app_2_3.dtd">

<web-app>
  <display-name>Contacts Sample Application</display-name>

  <context-param>
    <param-name>contextConfigLocation</param-name>
    <param-value>
        /WEB-INF/applicationContext-common-business.xml
        /WEB-INF/applicationContext-common-authorization.xml
    </param-value>
  </context-param>

  <context-param>
    <param-name>log4jConfigLocation</param-name>
    <param-value>/WEB-INF/classes/log4j.properties</param-value>
  </context-param>

  <servlet>
    <servlet-name>contacts</servlet-name>
    <servlet-class>org.springframework.web.servlet.DispatcherServlet</servlet-class>
    <load-on-startup>1</load-on-startup>
  </servlet>

  <listener>
    <listener-class>org.springframework.web.context.ContextLoaderListener</listener-class>
  </listener>

  <listener>
    <listener-class>org.springframework.web.util.Log4jConfigListener</listener-class>
  </listener>
  <!--
      The HttpSessionEventPublisher will publish
      HttpSessionCreatedEvent and HttpSessionDestroyedEvent
      to the WebApplicationContext
  -->
  <listener>
    <listener-class>org.acegisecurity.ui.session.HttpSessionEventPublisher</listener-class>
  </listener>
  <!--
  - Provides web services endpoint. See remoting-servlet.xml.
  -->
  <servlet>
    <servlet-name>remoting</servlet-name>
    <servlet-class>org.springframework.web.servlet.DispatcherServlet</servlet-class>
    <load-on-startup>2</load-on-startup>
  </servlet>

  <servlet-mapping>
    <servlet-name>contacts</servlet-name>
    <url-pattern>*.htm</url-pattern>
  </servlet-mapping>

  <servlet-mapping>
    <servlet-name>remoting</servlet-name>
    <url-pattern>/remoting/*</url-pattern>
  </servlet-mapping>

  <welcome-file-list>
    <welcome-file>index.jsp</welcome-file>
  </welcome-file-list>

  <security-constraint>
    <web-resource-collection>
      <url-pattern>/index.jsp</url-pattern>
    </web-resource-collection>
    <auth-constraint>
      <role-name>*</role-name>
    </auth-constraint>
  </security-constraint>

  <security-constraint>
    <web-resource-collection>
      <url-pattern>/hello.htm</url-pattern>
    </web-resource-collection>
    <auth-constraint>
      <role-name>*</role-name>
    </auth-constraint>
  </security-constraint>

  <security-constraint>
    <web-resource-collection>
      <url-pattern>/logoff.jsp</url-pattern>
    </web-resource-collection>
    <auth-constraint>
      <role-name>*</role-name>
    </auth-constraint>
  </security-constraint>

  <login-config>
    <auth-method>form</auth-method>
    <form-login-config>
      <form-login-page>/acegilogin.jsp</form-login-page>
      <form-error-page>/acegilogin.jsp?login_error=1</form-error-page>
    </form-login-config>

  </login-config>

  <security-role>
    <role-name>user</role-name>
  </security-role>

  <security-role>
    <role-name>dummy</role-name>
  </security-role>

</web-app>